{"C:\\Users\\condo\\Desktop\\projects\\laNacion\\ln-back\\src\\enums\\benefitsEnums.ts": {"path":"C:\\Users\\condo\\Desktop\\projects\\laNacion\\ln-back\\src\\enums\\benefitsEnums.ts","statementMap":{"0":{"start":{"line":1,"column":0},"end":{"line":1,"column":null}},"1":{"start":{"line":2,"column":2},"end":{"line":2,"column":null}},"2":{"start":{"line":3,"column":2},"end":{"line":3,"column":null}},"3":{"start":{"line":4,"column":2},"end":{"line":4,"column":null}},"4":{"start":{"line":7,"column":13},"end":{"line":11,"column":2}}},"fnMap":{"0":{"name":"(anonymous_0)","decl":{"start":{"line":1,"column":0},"end":{"line":1,"column":12}},"loc":{"start":{"line":1,"column":27},"end":{"line":5,"column":1}}}},"branchMap":{"0":{"loc":{"start":{"line":1,"column":12},"end":{"line":1,"column":null}},"type":"binary-expr","locations":[{"start":{"line":1,"column":12},"end":{"line":1,"column":27}},{"start":{"line":1,"column":27},"end":{"line":1,"column":null}}]}},"s":{"0":1,"1":1,"2":1,"3":1,"4":1},"f":{"0":1},"b":{"0":[1,1]}}
,"C:\\Users\\condo\\Desktop\\projects\\laNacion\\ln-back\\src\\utils\\account.ts": {"path":"C:\\Users\\condo\\Desktop\\projects\\laNacion\\ln-back\\src\\utils\\account.ts","statementMap":{"0":{"start":{"line":11,"column":0},"end":{"line":11,"column":16}},"1":{"start":{"line":49,"column":0},"end":{"line":49,"column":16}},"2":{"start":{"line":60,"column":0},"end":{"line":60,"column":16}},"3":{"start":{"line":69,"column":0},"end":{"line":69,"column":16}},"4":{"start":{"line":114,"column":0},"end":{"line":114,"column":16}},"5":{"start":{"line":1,"column":0},"end":{"line":1,"column":80}},"6":{"start":{"line":15,"column":20},"end":{"line":40,"column":null}},"7":{"start":{"line":18,"column":21},"end":{"line":18,"column":42}},"8":{"start":{"line":20,"column":6},"end":{"line":22,"column":7}},"9":{"start":{"line":21,"column":8},"end":{"line":21,"column":26}},"10":{"start":{"line":25,"column":21},"end":{"line":25,"column":66}},"11":{"start":{"line":26,"column":30},"end":{"line":26,"column":64}},"12":{"start":{"line":27,"column":23},"end":{"line":27,"column":67}},"13":{"start":{"line":30,"column":6},"end":{"line":36,"column":9}},"14":{"start":{"line":38,"column":6},"end":{"line":38,"column":24}},"15":{"start":{"line":43,"column":2},"end":{"line":46,"column":4}},"16":{"start":{"line":50,"column":2},"end":{"line":50,"column":73}},"17":{"start":{"line":61,"column":24},"end":{"line":61,"column":43}},"18":{"start":{"line":63,"column":2},"end":{"line":66,"column":4}},"19":{"start":{"line":64,"column":18},"end":{"line":64,"column":45}},"20":{"start":{"line":73,"column":21},"end":{"line":77,"column":null}},"21":{"start":{"line":74,"column":4},"end":{"line":77,"column":7}},"22":{"start":{"line":74,"column":48},"end":{"line":77,"column":6}},"23":{"start":{"line":81,"column":19},"end":{"line":91,"column":null}},"24":{"start":{"line":83,"column":22},"end":{"line":83,"column":44}},"25":{"start":{"line":85,"column":6},"end":{"line":87,"column":7}},"26":{"start":{"line":86,"column":8},"end":{"line":86,"column":34}},"27":{"start":{"line":89,"column":6},"end":{"line":89,"column":17}},"28":{"start":{"line":95,"column":26},"end":{"line":95,"column":65}},"29":{"start":{"line":97,"column":22},"end":{"line":98,"column":50}},"30":{"start":{"line":98,"column":4},"end":{"line":98,"column":50}},"31":{"start":{"line":101,"column":24},"end":{"line":105,"column":null}},"32":{"start":{"line":102,"column":32},"end":{"line":105,"column":6}},"33":{"start":{"line":109,"column":2},"end":{"line":111,"column":4}},"34":{"start":{"line":110,"column":14},"end":{"line":110,"column":71}},"35":{"start":{"line":118,"column":2},"end":{"line":120,"column":5}},"36":{"start":{"line":119,"column":4},"end":{"line":119,"column":76}}},"fnMap":{"0":{"name":"prepareViewModel","decl":{"start":{"line":11,"column":16},"end":{"line":11,"column":32}},"loc":{"start":{"line":13,"column":66},"end":{"line":47,"column":1}}},"1":{"name":"(anonymous_1)","decl":{"start":{"line":16,"column":4},"end":{"line":16,"column":5}},"loc":{"start":{"line":16,"column":56},"end":{"line":39,"column":5}}},"2":{"name":"normalizeTag","decl":{"start":{"line":49,"column":16},"end":{"line":49,"column":28}},"loc":{"start":{"line":49,"column":45},"end":{"line":51,"column":1}}},"3":{"name":"getClosestBranch","decl":{"start":{"line":60,"column":16},"end":{"line":60,"column":32}},"loc":{"start":{"line":60,"column":50},"end":{"line":67,"column":1}}},"4":{"name":"(anonymous_4)","decl":{"start":{"line":64,"column":4},"end":{"line":64,"column":5}},"loc":{"start":{"line":64,"column":18},"end":{"line":64,"column":45}}},"5":{"name":"getHighestBenefitByProgram","decl":{"start":{"line":69,"column":16},"end":{"line":69,"column":42}},"loc":{"start":{"line":70,"column":21},"end":{"line":112,"column":1}}},"6":{"name":"(anonymous_6)","decl":{"start":{"line":73,"column":38},"end":{"line":73,"column":39}},"loc":{"start":{"line":74,"column":4},"end":{"line":77,"column":7}}},"7":{"name":"(anonymous_7)","decl":{"start":{"line":74,"column":29},"end":{"line":74,"column":30}},"loc":{"start":{"line":74,"column":48},"end":{"line":77,"column":6}}},"8":{"name":"(anonymous_8)","decl":{"start":{"line":82,"column":4},"end":{"line":82,"column":5}},"loc":{"start":{"line":82,"column":37},"end":{"line":90,"column":5}}},"9":{"name":"(anonymous_9)","decl":{"start":{"line":97,"column":22},"end":{"line":97,"column":23}},"loc":{"start":{"line":98,"column":4},"end":{"line":98,"column":50}}},"10":{"name":"(anonymous_10)","decl":{"start":{"line":102,"column":4},"end":{"line":102,"column":5}},"loc":{"start":{"line":102,"column":32},"end":{"line":105,"column":6}}},"11":{"name":"(anonymous_11)","decl":{"start":{"line":110,"column":4},"end":{"line":110,"column":5}},"loc":{"start":{"line":110,"column":14},"end":{"line":110,"column":71}}},"12":{"name":"sortByLocation","decl":{"start":{"line":114,"column":16},"end":{"line":114,"column":30}},"loc":{"start":{"line":116,"column":23},"end":{"line":121,"column":1}}},"13":{"name":"(anonymous_13)","decl":{"start":{"line":118,"column":23},"end":{"line":118,"column":24}},"loc":{"start":{"line":118,"column":32},"end":{"line":120,"column":3}}}},"branchMap":{"0":{"loc":{"start":{"line":20,"column":6},"end":{"line":22,"column":7}},"type":"if","locations":[{"start":{"line":20,"column":6},"end":{"line":22,"column":7}}]},"1":{"loc":{"start":{"line":50,"column":10},"end":{"line":50,"column":37}},"type":"binary-expr","locations":[{"start":{"line":50,"column":10},"end":{"line":50,"column":31}},{"start":{"line":50,"column":35},"end":{"line":50,"column":37}}]},"2":{"loc":{"start":{"line":76,"column":13},"end":{"line":76,"column":48}},"type":"binary-expr","locations":[{"start":{"line":76,"column":13},"end":{"line":76,"column":43}},{"start":{"line":76,"column":47},"end":{"line":76,"column":48}}]},"3":{"loc":{"start":{"line":83,"column":22},"end":{"line":83,"column":44}},"type":"binary-expr","locations":[{"start":{"line":83,"column":22},"end":{"line":83,"column":39}},{"start":{"line":83,"column":43},"end":{"line":83,"column":44}}]},"4":{"loc":{"start":{"line":85,"column":6},"end":{"line":87,"column":7}},"type":"if","locations":[{"start":{"line":85,"column":6},"end":{"line":87,"column":7}}]},"5":{"loc":{"start":{"line":98,"column":4},"end":{"line":98,"column":50}},"type":"binary-expr","locations":[{"start":{"line":98,"column":4},"end":{"line":98,"column":31}},{"start":{"line":98,"column":35},"end":{"line":98,"column":50}}]},"6":{"loc":{"start":{"line":119,"column":11},"end":{"line":119,"column":75}},"type":"cond-expr","locations":[{"start":{"line":119,"column":26},"end":{"line":119,"column":49}},{"start":{"line":119,"column":52},"end":{"line":119,"column":75}}]}},"s":{"0":1,"1":1,"2":1,"3":1,"4":1,"5":1,"6":0,"7":0,"8":0,"9":0,"10":0,"11":0,"12":0,"13":0,"14":0,"15":0,"16":1,"17":0,"18":0,"19":0,"20":0,"21":0,"22":0,"23":0,"24":0,"25":0,"26":0,"27":0,"28":0,"29":0,"30":0,"31":0,"32":0,"33":0,"34":0,"35":0,"36":0},"f":{"0":0,"1":0,"2":1,"3":0,"4":0,"5":0,"6":0,"7":0,"8":0,"9":0,"10":0,"11":0,"12":0,"13":0},"b":{"0":[0],"1":[1,0],"2":[0,0],"3":[0,0],"4":[0],"5":[0,0],"6":[0,0]}}
}
