TN:
SF:src\enums\benefitsEnums.ts
FN:1,(anonymous_0)
FNF:1
FNH:1
FNDA:1,(anonymous_0)
DA:1,1
DA:2,1
DA:3,1
DA:4,1
DA:7,1
LF:5
LH:5
BRDA:1,0,0,1
BRDA:1,0,1,1
BRF:2
BRH:2
end_of_record
TN:
SF:src\utils\account.ts
FN:11,prepareViewModel
FN:16,(anonymous_1)
FN:49,normalizeTag
FN:60,getClosestBranch
FN:64,(anonymous_4)
FN:69,getHighestBenefitByProgram
FN:73,(anonymous_6)
FN:74,(anonymous_7)
FN:82,(anonymous_8)
FN:97,(anonymous_9)
FN:102,(anonymous_10)
FN:110,(anonymous_11)
FN:114,sortByLocation
FN:118,(anonymous_13)
FNF:14
FNH:1
FNDA:0,prepareViewModel
FNDA:0,(anonymous_1)
FNDA:1,normalizeTag
FNDA:0,getClosestBranch
FNDA:0,(anonymous_4)
FNDA:0,getHighestBenefitByProgram
FNDA:0,(anonymous_6)
FNDA:0,(anonymous_7)
FNDA:0,(anonymous_8)
FNDA:0,(anonymous_9)
FNDA:0,(anonymous_10)
FNDA:0,(anonymous_11)
FNDA:0,sortByLocation
FNDA:0,(anonymous_13)
DA:1,1
DA:11,1
DA:15,0
DA:18,0
DA:20,0
DA:21,0
DA:25,0
DA:26,0
DA:27,0
DA:30,0
DA:38,0
DA:43,0
DA:49,1
DA:50,1
DA:60,1
DA:61,0
DA:63,0
DA:64,0
DA:69,1
DA:73,0
DA:74,0
DA:81,0
DA:83,0
DA:85,0
DA:86,0
DA:89,0
DA:95,0
DA:97,0
DA:98,0
DA:101,0
DA:102,0
DA:109,0
DA:110,0
DA:114,1
DA:118,0
DA:119,0
LF:36
LH:7
BRDA:20,0,0,0
BRDA:50,1,0,1
BRDA:50,1,1,0
BRDA:76,2,0,0
BRDA:76,2,1,0
BRDA:83,3,0,0
BRDA:83,3,1,0
BRDA:85,4,0,0
BRDA:98,5,0,0
BRDA:98,5,1,0
BRDA:119,6,0,0
BRDA:119,6,1,0
BRF:12
BRH:1
end_of_record
